<?xml version="1.0" encoding="UTF-8"?>
<coverage generated="1534640405203" clover="3.2.0">
  <project timestamp="1534640405204" name="All files">
    <metrics statements="80" coveredstatements="51" conditionals="15" coveredconditionals="8" methods="39" coveredmethods="10" elements="134" coveredelements="69" complexity="0" loc="80" ncloc="80" packages="5" files="10" classes="10">
      <package name="AwesomeProject">
        <metrics statements="4" coveredstatements="4" conditionals="0" coveredconditionals="0" methods="2" coveredmethods="1"/>
        <file name="App.js" path="/home/nim_13515118/Practice/react-native/AwesomeProject/App.js">
          <metrics statements="4" coveredstatements="4" conditionals="0" coveredconditionals="0" methods="2" coveredmethods="1"/>
          <line num="9" count="1" type="stmt"/>
          <line num="11" count="1" type="stmt"/>
          <line num="12" count="1" type="stmt"/>
          <line num="17" count="1" type="stmt"/>
        </file>
      </package>
      <package name="AwesomeProject.src.actions">
        <metrics statements="4" coveredstatements="4" conditionals="0" coveredconditionals="0" methods="2" coveredmethods="1"/>
        <file name="Auth.js" path="/home/nim_13515118/Practice/react-native/AwesomeProject/src/actions/Auth.js">
          <metrics statements="4" coveredstatements="4" conditionals="0" coveredconditionals="0" methods="2" coveredmethods="1"/>
          <line num="1" count="5" type="stmt"/>
          <line num="2" count="5" type="stmt"/>
          <line num="4" count="5" type="stmt"/>
          <line num="8" count="5" type="stmt"/>
        </file>
      </package>
      <package name="AwesomeProject.src.components">
        <metrics statements="54" coveredstatements="26" conditionals="8" coveredconditionals="2" methods="31" coveredmethods="6"/>
        <file name="LoginStatusMessage.js" path="/home/nim_13515118/Practice/react-native/AwesomeProject/src/components/LoginStatusMessage.js">
          <metrics statements="6" coveredstatements="5" conditionals="2" coveredconditionals="1" methods="1" coveredmethods="1"/>
          <line num="5" count="3" type="stmt"/>
          <line num="13" count="3" type="stmt"/>
          <line num="14" count="1" type="cond" truecount="1" falsecount="1"/>
          <line num="15" count="0" type="stmt"/>
          <line num="17" count="1" type="stmt"/>
          <line num="26" count="3" type="stmt"/>
        </file>
        <file name="MainScreen.js" path="/home/nim_13515118/Practice/react-native/AwesomeProject/src/components/MainScreen.js">
          <metrics statements="15" coveredstatements="7" conditionals="0" coveredconditionals="0" methods="9" coveredmethods="2"/>
          <line num="14" count="2" type="stmt"/>
          <line num="47" count="1" type="stmt"/>
          <line num="48" count="1" type="stmt"/>
          <line num="53" count="1" type="stmt"/>
          <line num="57" count="0" type="stmt"/>
          <line num="58" count="0" type="stmt"/>
          <line num="59" count="0" type="stmt"/>
          <line num="63" count="1" type="stmt"/>
          <line num="65" count="1" type="stmt"/>
          <line num="71" count="0" type="stmt"/>
          <line num="78" count="0" type="stmt"/>
          <line num="94" count="2" type="stmt"/>
          <line num="95" count="0" type="stmt"/>
          <line num="96" count="0" type="stmt"/>
          <line num="97" count="0" type="stmt"/>
        </file>
        <file name="ProfileScreen.js" path="/home/nim_13515118/Practice/react-native/AwesomeProject/src/components/ProfileScreen.js">
          <metrics statements="6" coveredstatements="6" conditionals="0" coveredconditionals="0" methods="2" coveredmethods="1"/>
          <line num="8" count="2" type="stmt"/>
          <line num="22" count="2" type="stmt"/>
          <line num="23" count="1" type="stmt"/>
          <line num="29" count="2" type="stmt"/>
          <line num="33" count="2" type="stmt"/>
          <line num="38" count="2" type="stmt"/>
        </file>
        <file name="RegisterScreen.js" path="/home/nim_13515118/Practice/react-native/AwesomeProject/src/components/RegisterScreen.js">
          <metrics statements="27" coveredstatements="8" conditionals="6" coveredconditionals="1" methods="19" coveredmethods="2"/>
          <line num="17" count="2" type="stmt"/>
          <line num="66" count="1" type="stmt"/>
          <line num="68" count="1" type="stmt"/>
          <line num="81" count="1" type="stmt"/>
          <line num="85" count="0" type="stmt"/>
          <line num="86" count="0" type="stmt"/>
          <line num="87" count="0" type="stmt"/>
          <line num="91" count="0" type="stmt"/>
          <line num="95" count="0" type="stmt"/>
          <line num="105" count="0" type="stmt"/>
          <line num="110" count="0" type="stmt"/>
          <line num="127" count="0" type="stmt"/>
          <line num="135" count="1" type="stmt"/>
          <line num="137" count="1" type="cond" truecount="1" falsecount="1"/>
          <line num="138" count="1" type="stmt"/>
          <line num="144" count="0" type="stmt"/>
          <line num="151" count="0" type="stmt"/>
          <line num="158" count="0" type="stmt"/>
          <line num="163" count="0" type="stmt"/>
          <line num="169" count="0" type="stmt"/>
          <line num="176" count="0" type="stmt"/>
          <line num="182" count="0" type="stmt"/>
          <line num="189" count="0" type="stmt"/>
          <line num="196" count="0" type="stmt"/>
          <line num="217" count="2" type="stmt"/>
          <line num="218" count="0" type="stmt"/>
          <line num="219" count="0" type="stmt"/>
        </file>
      </package>
      <package name="AwesomeProject.src.navigators">
        <metrics statements="6" coveredstatements="5" conditionals="0" coveredconditionals="0" methods="2" coveredmethods="0"/>
        <file name="AppNavigator.js" path="/home/nim_13515118/Practice/react-native/AwesomeProject/src/navigators/AppNavigator.js">
          <metrics statements="6" coveredstatements="5" conditionals="0" coveredconditionals="0" methods="2" coveredmethods="0"/>
          <line num="12" count="1" type="stmt"/>
          <line num="14" count="0" type="stmt"/>
          <line num="17" count="1" type="stmt"/>
          <line num="23" count="1" type="stmt"/>
          <line num="25" count="1" type="stmt"/>
          <line num="29" count="1" type="stmt"/>
        </file>
      </package>
      <package name="AwesomeProject.src.reducers">
        <metrics statements="12" coveredstatements="12" conditionals="7" coveredconditionals="6" methods="2" coveredmethods="2"/>
        <file name="AuthReducer.js" path="/home/nim_13515118/Practice/react-native/AwesomeProject/src/reducers/AuthReducer.js">
          <metrics statements="6" coveredstatements="6" conditionals="4" coveredconditionals="4" methods="1" coveredmethods="1"/>
          <line num="3" count="2" type="stmt"/>
          <line num="5" count="2" type="cond" truecount="1" falsecount="0"/>
          <line num="6" count="6" type="cond" truecount="3" falsecount="0"/>
          <line num="8" count="1" type="stmt"/>
          <line num="10" count="1" type="stmt"/>
          <line num="12" count="4" type="stmt"/>
        </file>
        <file name="NavigatorReducer.js" path="/home/nim_13515118/Practice/react-native/AwesomeProject/src/reducers/NavigatorReducer.js">
          <metrics statements="5" coveredstatements="5" conditionals="3" coveredconditionals="2" methods="1" coveredmethods="1"/>
          <line num="3" count="1" type="stmt"/>
          <line num="4" count="1" type="stmt"/>
          <line num="6" count="1" type="cond" truecount="1" falsecount="0"/>
          <line num="7" count="3" type="stmt"/>
          <line num="10" count="3" type="cond" truecount="1" falsecount="1"/>
        </file>
        <file name="index.js" path="/home/nim_13515118/Practice/react-native/AwesomeProject/src/reducers/index.js">
          <metrics statements="1" coveredstatements="1" conditionals="0" coveredconditionals="0" methods="0" coveredmethods="0"/>
          <line num="5" count="1" type="stmt"/>
        </file>
      </package>
    </metrics>
  </project>
</coverage>
