{"/home/nim_13515118/Practice/react-native/AwesomeProject/App.js": {"path":"/home/nim_13515118/Practice/react-native/AwesomeProject/App.js","statementMap":{"0":{"start":{"line":9,"column":14},"end":{"line":9,"column":66}},"1":{"start":{"line":11,"column":24},"end":{"line":15,"column":1}},"2":{"start":{"line":12,"column":1},"end":{"line":14,"column":12}},"3":{"start":{"line":17,"column":0},"end":{"line":17,"column":69}},"4":{"start":{"line":17,"column":52},"end":{"line":17,"column":67}}},"fnMap":{"0":{"name":"(anonymous_0)","decl":{"start":{"line":11,"column":24},"end":{"line":11,"column":25}},"loc":{"start":{"line":12,"column":1},"end":{"line":14,"column":12}},"line":12},"1":{"name":"(anonymous_1)","decl":{"start":{"line":17,"column":46},"end":{"line":17,"column":47}},"loc":{"start":{"line":17,"column":52},"end":{"line":17,"column":67}},"line":17}},"branchMap":{},"s":{"0":1,"1":1,"2":1,"3":1,"4":0},"f":{"0":1,"1":0},"b":{},"_coverageSchema":"332fd63041d2c1bcb487cc26dd0d5f7d97098a6c","hash":"0c6656fece548c817dbcd0fd713f8b5d5b0b2207"}
,"/home/nim_13515118/Practice/react-native/AwesomeProject/src/actions/Auth.js": {"path":"/home/nim_13515118/Practice/react-native/AwesomeProject/src/actions/Auth.js","statementMap":{"0":{"start":{"line":1,"column":21},"end":{"line":1,"column":28}},"1":{"start":{"line":2,"column":22},"end":{"line":2,"column":30}},"2":{"start":{"line":4,"column":25},"end":{"line":6,"column":2}},"3":{"start":{"line":4,"column":32},"end":{"line":6,"column":1}},"4":{"start":{"line":8,"column":26},"end":{"line":10,"column":2}},"5":{"start":{"line":8,"column":33},"end":{"line":10,"column":1}}},"fnMap":{"0":{"name":"(anonymous_0)","decl":{"start":{"line":4,"column":25},"end":{"line":4,"column":26}},"loc":{"start":{"line":4,"column":32},"end":{"line":6,"column":1}},"line":4},"1":{"name":"(anonymous_1)","decl":{"start":{"line":8,"column":26},"end":{"line":8,"column":27}},"loc":{"start":{"line":8,"column":33},"end":{"line":10,"column":1}},"line":8}},"branchMap":{},"s":{"0":5,"1":5,"2":5,"3":1,"4":5,"5":0},"f":{"0":1,"1":0},"b":{},"_coverageSchema":"332fd63041d2c1bcb487cc26dd0d5f7d97098a6c","hash":"f2603aec5846135b47b2423b954f0db2d514f803"}
,"/home/nim_13515118/Practice/react-native/AwesomeProject/src/components/LoginStatusMessage.js": {"path":"/home/nim_13515118/Practice/react-native/AwesomeProject/src/components/LoginStatusMessage.js","statementMap":{"0":{"start":{"line":5,"column":15},"end":{"line":11,"column":2}},"1":{"start":{"line":13,"column":27},"end":{"line":24,"column":1}},"2":{"start":{"line":14,"column":1},"end":{"line":16,"column":2}},"3":{"start":{"line":15,"column":2},"end":{"line":15,"column":36}},"4":{"start":{"line":17,"column":1},"end":{"line":23,"column":3}},"5":{"start":{"line":26,"column":0},"end":{"line":28,"column":2}}},"fnMap":{"0":{"name":"(anonymous_0)","decl":{"start":{"line":13,"column":27},"end":{"line":13,"column":28}},"loc":{"start":{"line":13,"column":47},"end":{"line":24,"column":1}},"line":13}},"branchMap":{"0":{"loc":{"start":{"line":14,"column":1},"end":{"line":16,"column":2}},"type":"if","locations":[{"start":{"line":14,"column":1},"end":{"line":16,"column":2}},{"start":{"line":14,"column":1},"end":{"line":16,"column":2}}],"line":14}},"s":{"0":3,"1":3,"2":1,"3":0,"4":1,"5":3},"f":{"0":1},"b":{"0":[0,1]},"_coverageSchema":"332fd63041d2c1bcb487cc26dd0d5f7d97098a6c","hash":"fdccf99640c832a5c9096963feca8fc9d196c2b1"}
,"/home/nim_13515118/Practice/react-native/AwesomeProject/src/components/MainScreen.js": {"path":"/home/nim_13515118/Practice/react-native/AwesomeProject/src/components/MainScreen.js","statementMap":{"0":{"start":{"line":14,"column":15},"end":{"line":34,"column":2}},"1":{"start":{"line":47,"column":2},"end":{"line":47,"column":15}},"2":{"start":{"line":48,"column":2},"end":{"line":51,"column":4}},"3":{"start":{"line":53,"column":2},"end":{"line":53,"column":49}},"4":{"start":{"line":57,"column":38},"end":{"line":57,"column":48}},"5":{"start":{"line":58,"column":2},"end":{"line":58,"column":14}},"6":{"start":{"line":59,"column":2},"end":{"line":59,"column":17}},"7":{"start":{"line":63,"column":42},"end":{"line":63,"column":52}},"8":{"start":{"line":65,"column":2},"end":{"line":90,"column":4}},"9":{"start":{"line":71,"column":27},"end":{"line":71,"column":60}},"10":{"start":{"line":78,"column":27},"end":{"line":78,"column":60}},"11":{"start":{"line":94,"column":27},"end":{"line":98,"column":2}},"12":{"start":{"line":94,"column":40},"end":{"line":98,"column":1}},"13":{"start":{"line":95,"column":22},"end":{"line":95,"column":85}},"14":{"start":{"line":96,"column":21},"end":{"line":96,"column":83}},"15":{"start":{"line":97,"column":18},"end":{"line":97,"column":39}}},"fnMap":{"0":{"name":"(anonymous_0)","decl":{"start":{"line":46,"column":1},"end":{"line":46,"column":2}},"loc":{"start":{"line":46,"column":20},"end":{"line":54,"column":2}},"line":46},"1":{"name":"(anonymous_1)","decl":{"start":{"line":56,"column":1},"end":{"line":56,"column":2}},"loc":{"start":{"line":56,"column":15},"end":{"line":60,"column":2}},"line":56},"2":{"name":"(anonymous_2)","decl":{"start":{"line":62,"column":1},"end":{"line":62,"column":2}},"loc":{"start":{"line":62,"column":10},"end":{"line":91,"column":2}},"line":62},"3":{"name":"(anonymous_3)","decl":{"start":{"line":71,"column":19},"end":{"line":71,"column":20}},"loc":{"start":{"line":71,"column":27},"end":{"line":71,"column":60}},"line":71},"4":{"name":"(anonymous_4)","decl":{"start":{"line":78,"column":19},"end":{"line":78,"column":20}},"loc":{"start":{"line":78,"column":27},"end":{"line":78,"column":60}},"line":78},"5":{"name":"(anonymous_5)","decl":{"start":{"line":94,"column":27},"end":{"line":94,"column":28}},"loc":{"start":{"line":94,"column":40},"end":{"line":98,"column":1}},"line":94},"6":{"name":"(anonymous_6)","decl":{"start":{"line":95,"column":16},"end":{"line":95,"column":17}},"loc":{"start":{"line":95,"column":22},"end":{"line":95,"column":85}},"line":95},"7":{"name":"(anonymous_7)","decl":{"start":{"line":96,"column":15},"end":{"line":96,"column":16}},"loc":{"start":{"line":96,"column":21},"end":{"line":96,"column":83}},"line":96},"8":{"name":"(anonymous_8)","decl":{"start":{"line":97,"column":12},"end":{"line":97,"column":13}},"loc":{"start":{"line":97,"column":18},"end":{"line":97,"column":39}},"line":97}},"branchMap":{},"s":{"0":2,"1":1,"2":1,"3":1,"4":0,"5":0,"6":0,"7":1,"8":1,"9":0,"10":0,"11":2,"12":0,"13":0,"14":0,"15":0},"f":{"0":1,"1":0,"2":1,"3":0,"4":0,"5":0,"6":0,"7":0,"8":0},"b":{},"_coverageSchema":"332fd63041d2c1bcb487cc26dd0d5f7d97098a6c","hash":"6fde959fb9c0938acad4c60ea8048133fb66bb8e"}
,"/home/nim_13515118/Practice/react-native/AwesomeProject/src/components/ProfileScreen.js": {"path":"/home/nim_13515118/Practice/react-native/AwesomeProject/src/components/ProfileScreen.js","statementMap":{"0":{"start":{"line":8,"column":15},"end":{"line":20,"column":2}},"1":{"start":{"line":22,"column":22},"end":{"line":27,"column":1}},"2":{"start":{"line":23,"column":1},"end":{"line":26,"column":8}},"3":{"start":{"line":29,"column":0},"end":{"line":31,"column":2}},"4":{"start":{"line":33,"column":0},"end":{"line":35,"column":2}},"5":{"start":{"line":38,"column":24},"end":{"line":40,"column":2}},"6":{"start":{"line":38,"column":34},"end":{"line":40,"column":1}}},"fnMap":{"0":{"name":"(anonymous_0)","decl":{"start":{"line":22,"column":22},"end":{"line":22,"column":23}},"loc":{"start":{"line":23,"column":1},"end":{"line":26,"column":8}},"line":23},"1":{"name":"(anonymous_1)","decl":{"start":{"line":38,"column":24},"end":{"line":38,"column":25}},"loc":{"start":{"line":38,"column":34},"end":{"line":40,"column":1}},"line":38}},"branchMap":{},"s":{"0":2,"1":2,"2":1,"3":2,"4":2,"5":2,"6":0},"f":{"0":1,"1":0},"b":{},"_coverageSchema":"332fd63041d2c1bcb487cc26dd0d5f7d97098a6c","hash":"371700d058c8afbb3cee457cd8b2c0b36b6fae88"}
,"/home/nim_13515118/Practice/react-native/AwesomeProject/src/components/RegisterScreen.js": {"path":"/home/nim_13515118/Practice/react-native/AwesomeProject/src/components/RegisterScreen.js","statementMap":{"0":{"start":{"line":17,"column":15},"end":{"line":53,"column":2}},"1":{"start":{"line":66,"column":2},"end":{"line":66,"column":15}},"2":{"start":{"line":68,"column":2},"end":{"line":79,"column":4}},"3":{"start":{"line":81,"column":2},"end":{"line":81,"column":55}},"4":{"start":{"line":85,"column":38},"end":{"line":85,"column":48}},"5":{"start":{"line":86,"column":2},"end":{"line":86,"column":14}},"6":{"start":{"line":87,"column":2},"end":{"line":87,"column":17}},"7":{"start":{"line":91,"column":2},"end":{"line":101,"column":4}},"8":{"start":{"line":95,"column":45},"end":{"line":95,"column":86}},"9":{"start":{"line":105,"column":2},"end":{"line":131,"column":3}},"10":{"start":{"line":110,"column":46},"end":{"line":110,"column":83}},"11":{"start":{"line":127,"column":34},"end":{"line":127,"column":64}},"12":{"start":{"line":135,"column":53},"end":{"line":135,"column":63}},"13":{"start":{"line":137,"column":2},"end":{"line":156,"column":3}},"14":{"start":{"line":138,"column":3},"end":{"line":155,"column":5}},"15":{"start":{"line":144,"column":47},"end":{"line":144,"column":81}},"16":{"start":{"line":151,"column":21},"end":{"line":151,"column":56}},"17":{"start":{"line":158,"column":2},"end":{"line":213,"column":4}},"18":{"start":{"line":163,"column":27},"end":{"line":163,"column":60}},"19":{"start":{"line":169,"column":27},"end":{"line":169,"column":60}},"20":{"start":{"line":176,"column":27},"end":{"line":176,"column":60}},"21":{"start":{"line":182,"column":27},"end":{"line":182,"column":59}},"22":{"start":{"line":189,"column":27},"end":{"line":189,"column":63}},"23":{"start":{"line":196,"column":21},"end":{"line":196,"column":57}},"24":{"start":{"line":217,"column":27},"end":{"line":220,"column":2}},"25":{"start":{"line":217,"column":40},"end":{"line":220,"column":1}},"26":{"start":{"line":218,"column":21},"end":{"line":218,"column":83}},"27":{"start":{"line":219,"column":18},"end":{"line":219,"column":39}}},"fnMap":{"0":{"name":"(anonymous_0)","decl":{"start":{"line":65,"column":1},"end":{"line":65,"column":2}},"loc":{"start":{"line":65,"column":20},"end":{"line":82,"column":2}},"line":65},"1":{"name":"(anonymous_1)","decl":{"start":{"line":84,"column":1},"end":{"line":84,"column":2}},"loc":{"start":{"line":84,"column":18},"end":{"line":88,"column":2}},"line":84},"2":{"name":"(anonymous_2)","decl":{"start":{"line":90,"column":1},"end":{"line":90,"column":2}},"loc":{"start":{"line":90,"column":31},"end":{"line":102,"column":2}},"line":90},"3":{"name":"(anonymous_3)","decl":{"start":{"line":95,"column":19},"end":{"line":95,"column":20}},"loc":{"start":{"line":95,"column":45},"end":{"line":95,"column":86}},"line":95},"4":{"name":"(anonymous_4)","decl":{"start":{"line":104,"column":1},"end":{"line":104,"column":2}},"loc":{"start":{"line":104,"column":27},"end":{"line":132,"column":2}},"line":104},"5":{"name":"(anonymous_5)","decl":{"start":{"line":110,"column":20},"end":{"line":110,"column":21}},"loc":{"start":{"line":110,"column":46},"end":{"line":110,"column":83}},"line":110},"6":{"name":"(anonymous_6)","decl":{"start":{"line":127,"column":19},"end":{"line":127,"column":20}},"loc":{"start":{"line":127,"column":34},"end":{"line":127,"column":64}},"line":127},"7":{"name":"(anonymous_7)","decl":{"start":{"line":134,"column":1},"end":{"line":134,"column":2}},"loc":{"start":{"line":134,"column":10},"end":{"line":214,"column":2}},"line":134},"8":{"name":"(anonymous_8)","decl":{"start":{"line":144,"column":21},"end":{"line":144,"column":22}},"loc":{"start":{"line":144,"column":47},"end":{"line":144,"column":81}},"line":144},"9":{"name":"(anonymous_9)","decl":{"start":{"line":151,"column":15},"end":{"line":151,"column":16}},"loc":{"start":{"line":151,"column":21},"end":{"line":151,"column":56}},"line":151},"10":{"name":"(anonymous_10)","decl":{"start":{"line":163,"column":19},"end":{"line":163,"column":20}},"loc":{"start":{"line":163,"column":27},"end":{"line":163,"column":60}},"line":163},"11":{"name":"(anonymous_11)","decl":{"start":{"line":169,"column":19},"end":{"line":169,"column":20}},"loc":{"start":{"line":169,"column":27},"end":{"line":169,"column":60}},"line":169},"12":{"name":"(anonymous_12)","decl":{"start":{"line":176,"column":19},"end":{"line":176,"column":20}},"loc":{"start":{"line":176,"column":27},"end":{"line":176,"column":60}},"line":176},"13":{"name":"(anonymous_13)","decl":{"start":{"line":182,"column":19},"end":{"line":182,"column":20}},"loc":{"start":{"line":182,"column":27},"end":{"line":182,"column":59}},"line":182},"14":{"name":"(anonymous_14)","decl":{"start":{"line":189,"column":19},"end":{"line":189,"column":20}},"loc":{"start":{"line":189,"column":27},"end":{"line":189,"column":63}},"line":189},"15":{"name":"(anonymous_15)","decl":{"start":{"line":196,"column":15},"end":{"line":196,"column":16}},"loc":{"start":{"line":196,"column":21},"end":{"line":196,"column":57}},"line":196},"16":{"name":"(anonymous_16)","decl":{"start":{"line":217,"column":27},"end":{"line":217,"column":28}},"loc":{"start":{"line":217,"column":40},"end":{"line":220,"column":1}},"line":217},"17":{"name":"(anonymous_17)","decl":{"start":{"line":218,"column":15},"end":{"line":218,"column":16}},"loc":{"start":{"line":218,"column":21},"end":{"line":218,"column":83}},"line":218},"18":{"name":"(anonymous_18)","decl":{"start":{"line":219,"column":12},"end":{"line":219,"column":13}},"loc":{"start":{"line":219,"column":18},"end":{"line":219,"column":39}},"line":219}},"branchMap":{"0":{"loc":{"start":{"line":137,"column":2},"end":{"line":156,"column":3}},"type":"if","locations":[{"start":{"line":137,"column":2},"end":{"line":156,"column":3}},{"start":{"line":137,"column":2},"end":{"line":156,"column":3}}],"line":137},"1":{"loc":{"start":{"line":192,"column":6},"end":{"line":192,"column":62}},"type":"binary-expr","locations":[{"start":{"line":192,"column":6},"end":{"line":192,"column":24}},{"start":{"line":192,"column":28},"end":{"line":192,"column":62}}],"line":192},"2":{"loc":{"start":{"line":193,"column":6},"end":{"line":193,"column":58}},"type":"binary-expr","locations":[{"start":{"line":193,"column":6},"end":{"line":193,"column":24}},{"start":{"line":193,"column":28},"end":{"line":193,"column":58}}],"line":193}},"s":{"0":2,"1":1,"2":1,"3":1,"4":0,"5":0,"6":0,"7":0,"8":0,"9":0,"10":0,"11":0,"12":1,"13":1,"14":1,"15":0,"16":0,"17":0,"18":0,"19":0,"20":0,"21":0,"22":0,"23":0,"24":2,"25":0,"26":0,"27":0},"f":{"0":1,"1":0,"2":0,"3":0,"4":0,"5":0,"6":0,"7":1,"8":0,"9":0,"10":0,"11":0,"12":0,"13":0,"14":0,"15":0,"16":0,"17":0,"18":0},"b":{"0":[1,0],"1":[0,0],"2":[0,0]},"_coverageSchema":"332fd63041d2c1bcb487cc26dd0d5f7d97098a6c","hash":"00d8762eac52c6f7c0264119e2bbd78a4deafb63"}
,"/home/nim_13515118/Practice/react-native/AwesomeProject/src/navigators/AppNavigator.js": {"path":"/home/nim_13515118/Practice/react-native/AwesomeProject/src/navigators/AppNavigator.js","statementMap":{"0":{"start":{"line":12,"column":19},"end":{"line":15,"column":1}},"1":{"start":{"line":14,"column":10},"end":{"line":14,"column":19}},"2":{"start":{"line":17,"column":22},"end":{"line":21,"column":2}},"3":{"start":{"line":23,"column":31},"end":{"line":23,"column":71}},"4":{"start":{"line":25,"column":24},"end":{"line":27,"column":2}},"5":{"start":{"line":25,"column":34},"end":{"line":27,"column":1}},"6":{"start":{"line":29,"column":21},"end":{"line":29,"column":69}}},"fnMap":{"0":{"name":"(anonymous_0)","decl":{"start":{"line":14,"column":1},"end":{"line":14,"column":2}},"loc":{"start":{"line":14,"column":10},"end":{"line":14,"column":19}},"line":14},"1":{"name":"(anonymous_1)","decl":{"start":{"line":25,"column":24},"end":{"line":25,"column":25}},"loc":{"start":{"line":25,"column":34},"end":{"line":27,"column":1}},"line":25}},"branchMap":{},"s":{"0":1,"1":0,"2":1,"3":1,"4":1,"5":0,"6":1},"f":{"0":0,"1":0},"b":{},"_coverageSchema":"332fd63041d2c1bcb487cc26dd0d5f7d97098a6c","hash":"29a3081ec2cf4d0d5ac212fba926e0a87de54ce5"}
,"/home/nim_13515118/Practice/react-native/AwesomeProject/src/reducers/AuthReducer.js": {"path":"/home/nim_13515118/Practice/react-native/AwesomeProject/src/reducers/AuthReducer.js","statementMap":{"0":{"start":{"line":3,"column":25},"end":{"line":3,"column":46}},"1":{"start":{"line":5,"column":13},"end":{"line":14,"column":1}},"2":{"start":{"line":6,"column":1},"end":{"line":13,"column":2}},"3":{"start":{"line":8,"column":2},"end":{"line":8,"column":40}},"4":{"start":{"line":10,"column":2},"end":{"line":10,"column":41}},"5":{"start":{"line":12,"column":2},"end":{"line":12,"column":15}}},"fnMap":{"0":{"name":"(anonymous_0)","decl":{"start":{"line":5,"column":13},"end":{"line":5,"column":14}},"loc":{"start":{"line":5,"column":51},"end":{"line":14,"column":1}},"line":5}},"branchMap":{"0":{"loc":{"start":{"line":5,"column":14},"end":{"line":5,"column":38}},"type":"default-arg","locations":[{"start":{"line":5,"column":22},"end":{"line":5,"column":38}}],"line":5},"1":{"loc":{"start":{"line":6,"column":1},"end":{"line":13,"column":2}},"type":"switch","locations":[{"start":{"line":7,"column":1},"end":{"line":8,"column":40}},{"start":{"line":9,"column":1},"end":{"line":10,"column":41}},{"start":{"line":11,"column":1},"end":{"line":12,"column":15}}],"line":6}},"s":{"0":2,"1":2,"2":6,"3":1,"4":1,"5":4},"f":{"0":6},"b":{"0":[5],"1":[1,1,4]},"_coverageSchema":"332fd63041d2c1bcb487cc26dd0d5f7d97098a6c","hash":"548742854afbca4dba2591e32d1f9e264a4b075b"}
,"/home/nim_13515118/Practice/react-native/AwesomeProject/src/reducers/NavigatorReducer.js": {"path":"/home/nim_13515118/Practice/react-native/AwesomeProject/src/reducers/NavigatorReducer.js","statementMap":{"0":{"start":{"line":3,"column":20},"end":{"line":3,"column":74}},"1":{"start":{"line":4,"column":24},"end":{"line":4,"column":75}},"2":{"start":{"line":6,"column":12},"end":{"line":11,"column":1}},"3":{"start":{"line":7,"column":19},"end":{"line":7,"column":72}},"4":{"start":{"line":10,"column":1},"end":{"line":10,"column":27}}},"fnMap":{"0":{"name":"(anonymous_0)","decl":{"start":{"line":6,"column":12},"end":{"line":6,"column":13}},"loc":{"start":{"line":6,"column":49},"end":{"line":11,"column":1}},"line":6}},"branchMap":{"0":{"loc":{"start":{"line":6,"column":13},"end":{"line":6,"column":36}},"type":"default-arg","locations":[{"start":{"line":6,"column":21},"end":{"line":6,"column":36}}],"line":6},"1":{"loc":{"start":{"line":10,"column":8},"end":{"line":10,"column":26}},"type":"binary-expr","locations":[{"start":{"line":10,"column":8},"end":{"line":10,"column":17}},{"start":{"line":10,"column":21},"end":{"line":10,"column":26}}],"line":10}},"s":{"0":1,"1":1,"2":1,"3":3,"4":3},"f":{"0":3},"b":{"0":[3],"1":[3,0]},"_coverageSchema":"332fd63041d2c1bcb487cc26dd0d5f7d97098a6c","hash":"4382857a33089b631710e0724d780e508a52d375"}
,"/home/nim_13515118/Practice/react-native/AwesomeProject/src/reducers/index.js": {"path":"/home/nim_13515118/Practice/react-native/AwesomeProject/src/reducers/index.js","statementMap":{"0":{"start":{"line":5,"column":19},"end":{"line":8,"column":2}}},"fnMap":{},"branchMap":{},"s":{"0":1},"f":{},"b":{},"_coverageSchema":"332fd63041d2c1bcb487cc26dd0d5f7d97098a6c","hash":"0117d7e4cfdf8f93eec87f070c513117de40bf96"}
}
