TN:
SF:/home/nim_13515118/Practice/react-native/AwesomeProject/App.js
FN:11,(anonymous_0)
FN:17,(anonymous_1)
FNF:2
FNH:1
FNDA:1,(anonymous_0)
FNDA:0,(anonymous_1)
DA:9,1
DA:11,1
DA:12,1
DA:17,1
LF:4
LH:4
BRF:0
BRH:0
end_of_record
TN:
SF:/home/nim_13515118/Practice/react-native/AwesomeProject/src/actions/Auth.js
FN:4,(anonymous_0)
FN:8,(anonymous_1)
FNF:2
FNH:1
FNDA:1,(anonymous_0)
FNDA:0,(anonymous_1)
DA:1,5
DA:2,5
DA:4,5
DA:8,5
LF:4
LH:4
BRF:0
BRH:0
end_of_record
TN:
SF:/home/nim_13515118/Practice/react-native/AwesomeProject/src/components/LoginStatusMessage.js
FN:13,(anonymous_0)
FNF:1
FNH:1
FNDA:1,(anonymous_0)
DA:5,3
DA:13,3
DA:14,1
DA:15,0
DA:17,1
DA:26,3
LF:6
LH:5
BRDA:14,0,0,0
BRDA:14,0,1,1
BRF:2
BRH:1
end_of_record
TN:
SF:/home/nim_13515118/Practice/react-native/AwesomeProject/src/components/MainScreen.js
FN:46,(anonymous_0)
FN:56,(anonymous_1)
FN:62,(anonymous_2)
FN:71,(anonymous_3)
FN:78,(anonymous_4)
FN:94,(anonymous_5)
FN:95,(anonymous_6)
FN:96,(anonymous_7)
FN:97,(anonymous_8)
FNF:9
FNH:2
FNDA:1,(anonymous_0)
FNDA:0,(anonymous_1)
FNDA:1,(anonymous_2)
FNDA:0,(anonymous_3)
FNDA:0,(anonymous_4)
FNDA:0,(anonymous_5)
FNDA:0,(anonymous_6)
FNDA:0,(anonymous_7)
FNDA:0,(anonymous_8)
DA:14,2
DA:47,1
DA:48,1
DA:53,1
DA:57,0
DA:58,0
DA:59,0
DA:63,1
DA:65,1
DA:71,0
DA:78,0
DA:94,2
DA:95,0
DA:96,0
DA:97,0
LF:15
LH:7
BRF:0
BRH:0
end_of_record
TN:
SF:/home/nim_13515118/Practice/react-native/AwesomeProject/src/components/ProfileScreen.js
FN:22,(anonymous_0)
FN:38,(anonymous_1)
FNF:2
FNH:1
FNDA:1,(anonymous_0)
FNDA:0,(anonymous_1)
DA:8,2
DA:22,2
DA:23,1
DA:29,2
DA:33,2
DA:38,2
LF:6
LH:6
BRF:0
BRH:0
end_of_record
TN:
SF:/home/nim_13515118/Practice/react-native/AwesomeProject/src/components/RegisterScreen.js
FN:65,(anonymous_0)
FN:84,(anonymous_1)
FN:90,(anonymous_2)
FN:95,(anonymous_3)
FN:104,(anonymous_4)
FN:110,(anonymous_5)
FN:127,(anonymous_6)
FN:134,(anonymous_7)
FN:144,(anonymous_8)
FN:151,(anonymous_9)
FN:163,(anonymous_10)
FN:169,(anonymous_11)
FN:176,(anonymous_12)
FN:182,(anonymous_13)
FN:189,(anonymous_14)
FN:196,(anonymous_15)
FN:217,(anonymous_16)
FN:218,(anonymous_17)
FN:219,(anonymous_18)
FNF:19
FNH:2
FNDA:1,(anonymous_0)
FNDA:0,(anonymous_1)
FNDA:0,(anonymous_2)
FNDA:0,(anonymous_3)
FNDA:0,(anonymous_4)
FNDA:0,(anonymous_5)
FNDA:0,(anonymous_6)
FNDA:1,(anonymous_7)
FNDA:0,(anonymous_8)
FNDA:0,(anonymous_9)
FNDA:0,(anonymous_10)
FNDA:0,(anonymous_11)
FNDA:0,(anonymous_12)
FNDA:0,(anonymous_13)
FNDA:0,(anonymous_14)
FNDA:0,(anonymous_15)
FNDA:0,(anonymous_16)
FNDA:0,(anonymous_17)
FNDA:0,(anonymous_18)
DA:17,2
DA:66,1
DA:68,1
DA:81,1
DA:85,0
DA:86,0
DA:87,0
DA:91,0
DA:95,0
DA:105,0
DA:110,0
DA:127,0
DA:135,1
DA:137,1
DA:138,1
DA:144,0
DA:151,0
DA:158,0
DA:163,0
DA:169,0
DA:176,0
DA:182,0
DA:189,0
DA:196,0
DA:217,2
DA:218,0
DA:219,0
LF:27
LH:8
BRDA:137,0,0,1
BRDA:137,0,1,0
BRDA:192,1,0,0
BRDA:192,1,1,0
BRDA:193,2,0,0
BRDA:193,2,1,0
BRF:6
BRH:1
end_of_record
TN:
SF:/home/nim_13515118/Practice/react-native/AwesomeProject/src/navigators/AppNavigator.js
FN:14,(anonymous_0)
FN:25,(anonymous_1)
FNF:2
FNH:0
FNDA:0,(anonymous_0)
FNDA:0,(anonymous_1)
DA:12,1
DA:14,0
DA:17,1
DA:23,1
DA:25,1
DA:29,1
LF:6
LH:5
BRF:0
BRH:0
end_of_record
TN:
SF:/home/nim_13515118/Practice/react-native/AwesomeProject/src/reducers/AuthReducer.js
FN:5,(anonymous_0)
FNF:1
FNH:1
FNDA:6,(anonymous_0)
DA:3,2
DA:5,2
DA:6,6
DA:8,1
DA:10,1
DA:12,4
LF:6
LH:6
BRDA:5,0,0,5
BRDA:6,1,0,1
BRDA:6,1,1,1
BRDA:6,1,2,4
BRF:4
BRH:4
end_of_record
TN:
SF:/home/nim_13515118/Practice/react-native/AwesomeProject/src/reducers/NavigatorReducer.js
FN:6,(anonymous_0)
FNF:1
FNH:1
FNDA:3,(anonymous_0)
DA:3,1
DA:4,1
DA:6,1
DA:7,3
DA:10,3
LF:5
LH:5
BRDA:6,0,0,3
BRDA:10,1,0,3
BRDA:10,1,1,0
BRF:3
BRH:2
end_of_record
TN:
SF:/home/nim_13515118/Practice/react-native/AwesomeProject/src/reducers/index.js
FNF:0
FNH:0
DA:5,1
LF:1
LH:1
BRF:0
BRH:0
end_of_record
